<?xml version="1.0" encoding="UTF-8"?>
<!-- Generated by org.testng.reporters.JUnitReportReporter -->
<testsuite skipped="0" hostname="DESKTOP-JE67JJQ" name="tests.web_test.BuyItems" tests="1" failures="0" timestamp="06 Feb 2019 15:38:54 GMT" time="15.248" errors="0">
  <testcase name="buyItemsFromFeaturedSection" time="15.248" classname="tests.web_test.BuyItems"/>
</testsuite> <!-- tests.web_test.BuyItems -->
