<?xml version="1.0" encoding="UTF-8"?>
<!-- Generated by org.testng.reporters.JUnitReportReporter -->
<testsuite skipped="0" hostname="DESKTOP-JE67JJQ" name="tests.web_test.BuyItems" tests="1" failures="0" timestamp="19 Feb 2019 12:33:01 GMT" time="31.571" errors="0">
  <testcase name="buyItemsFromFeaturedSection" time="31.571" classname="tests.web_test.BuyItems"/>
</testsuite> <!-- tests.web_test.BuyItems -->
