<?xml version="1.0" encoding="UTF-8"?>
<!-- Generated by org.testng.reporters.JUnitReportReporter -->
<testsuite skipped="0" hostname="DESKTOP-JE67JJQ" name="tests.mobile_test.MobileNegativeLogin" tests="1" failures="0" timestamp="30 Jan 2019 18:13:24 GMT" time="25.251" errors="0">
  <testcase name="testMobileNegativeLogin" time="25.251" classname="tests.mobile_test.MobileNegativeLogin"/>
</testsuite> <!-- tests.mobile_test.MobileNegativeLogin -->
